2025-06-20 17:53:17,929 [Test worker] INFO  o.s.t.c.s.AnnotationConfigContextLoaderUtils - Could not detect default configuration classes for test class [travel_insurance.core.repositories.ClassifierRepositoryTest]: ClassifierRepositoryTest does not declare any static, non-private, non-final, nested classes annotated with @Configuration.
2025-06-20 17:53:18,294 [Test worker] INFO  o.s.b.t.c.SpringBootTestContextBootstrapper - Found @SpringBootConfiguration travel_insurance.InsuranceApplication for test class travel_insurance.core.repositories.ClassifierRepositoryTest
2025-06-20 17:53:19,195 [Test worker] INFO  t.c.r.ClassifierRepositoryTest - Starting ClassifierRepositoryTest using Java 19.0.2 with PID 7540 (started by Оксана in C:\Users\Оксана\IdeaProjects\travel_insurance\danil_tarasov_Travel_Insurance\insurance_calculator_app)
2025-06-20 17:53:19,203 [Test worker] INFO  t.c.r.ClassifierRepositoryTest - No active profile set, falling back to 1 default profile: "default"
2025-06-20 17:53:20,638 [Test worker] INFO  o.s.d.r.c.RepositoryConfigurationDelegate - Bootstrapping Spring Data JPA repositories in DEFAULT mode.
2025-06-20 17:53:21,766 [Test worker] INFO  o.s.d.r.c.RepositoryConfigurationDelegate - Finished Spring Data repository scanning in 1113 ms. Found 14 JPA repository interfaces.
2025-06-20 17:53:21,972 [Test worker] INFO  o.s.b.t.a.j.TestDatabaseAutoConfiguration$EmbeddedDataSourceBeanFactoryPostProcessor - Replacing 'dataSource' DataSource bean with embedded version
2025-06-20 17:53:22,508 [Test worker] INFO  o.s.j.d.e.EmbeddedDatabaseFactory - Starting embedded database: url='jdbc:h2:mem:a9862ebc-187a-4e67-b1d4-c202164d7f5c;DB_CLOSE_DELAY=-1;DB_CLOSE_ON_EXIT=false', username='sa'
2025-06-20 17:53:23,285 [Test worker] INFO  o.h.jpa.internal.util.LogHelper - HHH000204: Processing PersistenceUnitInfo [name: default]
2025-06-20 17:53:23,419 [Test worker] INFO  org.hibernate.Version - HHH000412: Hibernate ORM core version 6.5.0.Final
2025-06-20 17:53:23,491 [Test worker] INFO  o.h.c.i.RegionFactoryInitiator - HHH000026: Second-level cache disabled
2025-06-20 17:53:24,147 [Test worker] INFO  o.s.o.j.p.SpringPersistenceUnitInfo - No LoadTimeWeaver setup: ignoring JPA class transformer
2025-06-20 17:53:24,277 [Test worker] WARN  org.hibernate.orm.deprecation - HHH90000025: H2Dialect does not need to be specified explicitly using 'hibernate.dialect' (remove the property setting and it will be selected by default)
2025-06-20 17:53:26,696 [Test worker] INFO  o.h.e.t.j.p.i.JtaPlatformInitiator - HHH000489: No JTA platform available (set 'hibernate.transaction.jta.platform' to enable JTA platform integration)
2025-06-20 17:53:26,762 [Test worker] INFO  o.s.o.j.LocalContainerEntityManagerFactoryBean - Initialized JPA EntityManagerFactory for persistence unit 'default'
2025-06-20 17:53:27,640 [Test worker] INFO  o.s.d.j.r.query.QueryEnhancerFactory - Hibernate is in classpath; If applicable, HQL parser will be used.
2025-06-20 17:53:28,997 [Test worker] INFO  t.c.r.ClassifierRepositoryTest - Started ClassifierRepositoryTest in 10.519 seconds (process running for 14.166)
2025-06-20 17:53:30,928 [Test worker] INFO  o.s.t.c.s.AnnotationConfigContextLoaderUtils - Could not detect default configuration classes for test class [travel_insurance.core.repositories.ClassifierValueRepositoryTest]: ClassifierValueRepositoryTest does not declare any static, non-private, non-final, nested classes annotated with @Configuration.
2025-06-20 17:53:31,029 [Test worker] INFO  o.s.b.t.c.SpringBootTestContextBootstrapper - Found @SpringBootConfiguration travel_insurance.InsuranceApplication for test class travel_insurance.core.repositories.ClassifierValueRepositoryTest
2025-06-20 17:53:31,251 [Test worker] INFO  o.s.t.c.s.AnnotationConfigContextLoaderUtils - Could not detect default configuration classes for test class [travel_insurance.core.repositories.TMTMCountryDefaultDayRateRepositoryTest]: TMTMCountryDefaultDayRateRepositoryTest does not declare any static, non-private, non-final, nested classes annotated with @Configuration.
2025-06-20 17:53:31,280 [Test worker] INFO  o.s.b.t.c.SpringBootTestContextBootstrapper - Found @SpringBootConfiguration travel_insurance.InsuranceApplication for test class travel_insurance.core.repositories.TMTMCountryDefaultDayRateRepositoryTest
2025-06-20 17:53:34,596 [Test worker] INFO  o.s.t.c.s.AnnotationConfigContextLoaderUtils - Could not detect default configuration classes for test class [travel_insurance.core.validations.integration.AgreementDateFromValidationIntegrationTest]: AgreementDateFromValidationIntegrationTest does not declare any static, non-private, non-final, nested classes annotated with @Configuration.
2025-06-20 17:53:34,720 [Test worker] INFO  o.s.b.t.c.SpringBootTestContextBootstrapper - Found @SpringBootConfiguration travel_insurance.InsuranceApplication for test class travel_insurance.core.validations.integration.AgreementDateFromValidationIntegrationTest
2025-06-20 17:53:34,921 [Test worker] INFO  t.c.v.i.AgreementDateFromValidationIntegrationTest - Starting AgreementDateFromValidationIntegrationTest using Java 19.0.2 with PID 7540 (started by Оксана in C:\Users\Оксана\IdeaProjects\travel_insurance\danil_tarasov_Travel_Insurance\insurance_calculator_app)
2025-06-20 17:53:34,922 [Test worker] INFO  t.c.v.i.AgreementDateFromValidationIntegrationTest - No active profile set, falling back to 1 default profile: "default"
2025-06-20 17:53:36,477 [Test worker] INFO  o.s.d.r.c.RepositoryConfigurationDelegate - Bootstrapping Spring Data JPA repositories in DEFAULT mode.
2025-06-20 17:53:36,607 [Test worker] INFO  o.s.d.r.c.RepositoryConfigurationDelegate - Finished Spring Data repository scanning in 129 ms. Found 14 JPA repository interfaces.
2025-06-20 17:53:37,999 [Test worker] INFO  com.zaxxer.hikari.HikariDataSource - HikariPool-1 - Starting...
2025-06-20 17:53:38,065 [Test worker] INFO  com.zaxxer.hikari.pool.HikariPool - HikariPool-1 - Added connection conn21: url=jdbc:h2:mem:testdb user=SA
2025-06-20 17:53:38,080 [Test worker] INFO  com.zaxxer.hikari.HikariDataSource - HikariPool-1 - Start completed.
2025-06-20 17:53:38,624 [Test worker] INFO  o.h.jpa.internal.util.LogHelper - HHH000204: Processing PersistenceUnitInfo [name: default]
2025-06-20 17:53:38,646 [Test worker] INFO  o.h.c.i.RegionFactoryInitiator - HHH000026: Second-level cache disabled
2025-06-20 17:53:38,802 [Test worker] INFO  o.s.o.j.p.SpringPersistenceUnitInfo - No LoadTimeWeaver setup: ignoring JPA class transformer
2025-06-20 17:53:38,967 [Test worker] WARN  org.hibernate.orm.deprecation - HHH90000025: H2Dialect does not need to be specified explicitly using 'hibernate.dialect' (remove the property setting and it will be selected by default)
2025-06-20 17:53:40,503 [Test worker] INFO  o.h.e.t.j.p.i.JtaPlatformInitiator - HHH000489: No JTA platform available (set 'hibernate.transaction.jta.platform' to enable JTA platform integration)
2025-06-20 17:53:40,533 [Test worker] INFO  o.s.o.j.LocalContainerEntityManagerFactoryBean - Initialized JPA EntityManagerFactory for persistence unit 'default'
2025-06-20 17:53:41,585 [Test worker] WARN  o.s.b.a.o.j.JpaBaseConfiguration$JpaWebConfiguration - spring.jpa.open-in-view is enabled by default. Therefore, database queries may be performed during view rendering. Explicitly configure spring.jpa.open-in-view to disable this warning
2025-06-20 17:53:45,475 [Test worker] INFO  o.s.b.t.m.w.SpringBootMockServletContext - Initializing Spring TestDispatcherServlet ''
2025-06-20 17:53:45,478 [Test worker] INFO  o.s.t.w.s.TestDispatcherServlet - Initializing Servlet ''
2025-06-20 17:53:45,483 [Test worker] INFO  o.s.t.w.s.TestDispatcherServlet - Completed initialization in 2 ms
2025-06-20 17:53:45,527 [Test worker] INFO  t.c.v.i.AgreementDateFromValidationIntegrationTest - Started AgreementDateFromValidationIntegrationTest in 10.765 seconds (process running for 30.697)
2025-06-20 17:53:46,008 [Test worker] INFO  o.s.t.c.s.AnnotationConfigContextLoaderUtils - Could not detect default configuration classes for test class [travel_insurance.restTest.internal.TravelGetAgreementControllerTestCase2]: TravelGetAgreementControllerTestCase2 does not declare any static, non-private, non-final, nested classes annotated with @Configuration.
2025-06-20 17:53:46,056 [Test worker] INFO  o.s.b.t.c.SpringBootTestContextBootstrapper - Found @SpringBootConfiguration travel_insurance.InsuranceApplication for test class travel_insurance.restTest.internal.TravelGetAgreementControllerTestCase2
2025-06-20 17:53:46,245 [Test worker] INFO  t.r.i.TravelGetAgreementRequestLogger - REQUEST: agreement uuid = UNKNOWN_UUID
2025-06-20 17:53:46,379 [Test worker] INFO  t.r.i.TravelGetAgreementResponseLogger - RESPONSE: {"errors":[{"errorCode":"ERROR_CODE_18","description":"Agreement with uuid = UNKNOWN_UUID not found!"}]}
2025-06-20 17:53:46,381 [Test worker] INFO  t.r.c.TravelRestRequestExecutionTimeLogger - Request processing time (ms): 135
2025-06-20 17:53:46,559 [Test worker] INFO  o.s.t.c.s.AnnotationConfigContextLoaderUtils - Could not detect default configuration classes for test class [travel_insurance.restTest.v1.agreement.AgreementLevelV1TestCases]: AgreementLevelV1TestCases does not declare any static, non-private, non-final, nested classes annotated with @Configuration.
2025-06-20 17:53:46,592 [Test worker] INFO  o.s.b.t.c.SpringBootTestContextBootstrapper - Found @SpringBootConfiguration travel_insurance.InsuranceApplication for test class travel_insurance.restTest.v1.agreement.AgreementLevelV1TestCases
2025-06-20 17:53:46,709 [Test worker] INFO  t.r.v.TravelCalculatePremiumRequestLogger - REQUEST: {"personFirstName":"Vasja","personLastName":"Pupkin","personCode":"123456-12345","personBirthDate":"2000-05-29","agreementDateFrom":"2020-08-25","agreementDateTo":"2030-05-29","country":"SPAIN","medicalRiskLimitLevel":"LEVEL_10000","travelCost":null,"selectedRisks":["TRAVEL_MEDICAL"]}
2025-06-20 17:53:46,724 [Test worker] INFO  t.r.v.TravelCalculatePremiumResponseLogger - RESPONSE: {"errors":[{"errorCode":"ERROR_CODE_1","description":"Field agreementDateFrom must be in the future!"}]}
2025-06-20 17:53:46,725 [Test worker] INFO  t.r.c.TravelRestRequestExecutionTimeLogger - Request processing time (ms): 27
2025-06-20 17:53:46,750 [Test worker] INFO  t.r.v.TravelCalculatePremiumRequestLogger - REQUEST: {"personFirstName":"Vasja","personLastName":"Pupkin","personCode":"123456-12345","personBirthDate":"2000-05-29","agreementDateFrom":null,"agreementDateTo":"2060-05-29","country":"SPAIN","medicalRiskLimitLevel":"LEVEL_10000","travelCost":null,"selectedRisks":["TRAVEL_MEDICAL"]}
2025-06-20 17:53:46,757 [Test worker] INFO  t.r.v.TravelCalculatePremiumResponseLogger - RESPONSE: {"errors":[{"errorCode":"ERROR_CODE_2","description":"Field agreementDateFrom must not be empty!"}]}
2025-06-20 17:53:46,759 [Test worker] INFO  t.r.c.TravelRestRequestExecutionTimeLogger - Request processing time (ms): 13
2025-06-20 17:53:46,780 [Test worker] INFO  t.r.v.TravelCalculatePremiumRequestLogger - REQUEST: {"personFirstName":"Vasja","personLastName":"Pupkin","personCode":"123456-12345","personBirthDate":"2000-05-29","agreementDateFrom":"2029-08-25","agreementDateTo":"2020-05-29","country":"SPAIN","medicalRiskLimitLevel":"LEVEL_10000","travelCost":null,"selectedRisks":["TRAVEL_MEDICAL"]}
2025-06-20 17:53:46,786 [Test worker] INFO  t.r.v.TravelCalculatePremiumResponseLogger - RESPONSE: {"errors":[{"errorCode":"ERROR_CODE_3","description":"Field agreementDateTo must be in the future!"},{"errorCode":"ERROR_CODE_5","description":"Field agreementDateFrom must be less than agreementDateTo!"}]}
2025-06-20 17:53:46,788 [Test worker] INFO  t.r.c.TravelRestRequestExecutionTimeLogger - Request processing time (ms): 11
2025-06-20 17:53:46,810 [Test worker] INFO  t.r.v.TravelCalculatePremiumRequestLogger - REQUEST: {"personFirstName":"Vasja","personLastName":"Pupkin","personCode":"123456-12345","personBirthDate":"2000-05-29","agreementDateFrom":"2030-10-30","agreementDateTo":null,"country":"SPAIN","medicalRiskLimitLevel":"LEVEL_10000","travelCost":null,"selectedRisks":["TRAVEL_MEDICAL"]}
2025-06-20 17:53:46,815 [Test worker] INFO  t.r.v.TravelCalculatePremiumResponseLogger - RESPONSE: {"errors":[{"errorCode":"ERROR_CODE_4","description":"Field agreementDateTo must not be empty!"}]}
2025-06-20 17:53:46,816 [Test worker] INFO  t.r.c.TravelRestRequestExecutionTimeLogger - Request processing time (ms): 9
2025-06-20 17:53:46,835 [Test worker] INFO  t.r.v.TravelCalculatePremiumRequestLogger - REQUEST: {"personFirstName":"Vasja","personLastName":"Pupkin","personCode":"123456-12345","personBirthDate":"2000-05-29","agreementDateFrom":"2030-05-20","agreementDateTo":"2025-10-10","country":"SPAIN","medicalRiskLimitLevel":"LEVEL_10000","travelCost":null,"selectedRisks":["TRAVEL_MEDICAL"]}
2025-06-20 17:53:46,840 [Test worker] INFO  t.r.v.TravelCalculatePremiumResponseLogger - RESPONSE: {"errors":[{"errorCode":"ERROR_CODE_5","description":"Field agreementDateFrom must be less than agreementDateTo!"}]}
2025-06-20 17:53:46,841 [Test worker] INFO  t.r.c.TravelRestRequestExecutionTimeLogger - Request processing time (ms): 9
2025-06-20 17:53:46,859 [Test worker] INFO  t.r.v.TravelCalculatePremiumRequestLogger - REQUEST: {"personFirstName":null,"personLastName":null,"personCode":null,"personBirthDate":null,"agreementDateFrom":null,"agreementDateTo":null,"country":null,"medicalRiskLimitLevel":null,"travelCost":null,"selectedRisks":["TRAVEL_MEDICAL"]}
2025-06-20 17:53:46,866 [Test worker] INFO  t.r.v.TravelCalculatePremiumResponseLogger - RESPONSE: {"errors":[{"errorCode":"ERROR_CODE_2","description":"Field agreementDateFrom must not be empty!"},{"errorCode":"ERROR_CODE_4","description":"Field agreementDateTo must not be empty!"},{"errorCode":"ERROR_CODE_10","description":"Field country must not be empty!"},{"errorCode":"ERROR_CODE_13","description":"Field medicalRiskLimitLevel must not be empty!"},{"errorCode":"ERROR_CODE_11","description":"Field personBirthDate must not be empty!"},{"errorCode":"ERROR_CODE_16","description":"Field personCode must not be empty!"},{"errorCode":"ERROR_CODE_7","description":"Field personFirstName must not be empty!"},{"errorCode":"ERROR_CODE_8","description":"Field personLastName must not be empty!"}]}
2025-06-20 17:53:46,870 [Test worker] INFO  t.r.c.TravelRestRequestExecutionTimeLogger - Request processing time (ms): 12
2025-06-20 17:53:46,900 [Test worker] INFO  t.r.v.TravelCalculatePremiumRequestLogger - REQUEST: {"personFirstName":null,"personLastName":null,"personCode":null,"personBirthDate":null,"agreementDateFrom":null,"agreementDateTo":null,"country":null,"medicalRiskLimitLevel":null,"travelCost":null,"selectedRisks":null}
2025-06-20 17:53:46,904 [Test worker] INFO  t.r.v.TravelCalculatePremiumResponseLogger - RESPONSE: {"errors":[{"errorCode":"ERROR_CODE_2","description":"Field agreementDateFrom must not be empty!"},{"errorCode":"ERROR_CODE_4","description":"Field agreementDateTo must not be empty!"},{"errorCode":"ERROR_CODE_10","description":"Field country must not be empty!"},{"errorCode":"ERROR_CODE_6","description":"Field selectedRisks must not be empty!"},{"errorCode":"ERROR_CODE_11","description":"Field personBirthDate must not be empty!"},{"errorCode":"ERROR_CODE_16","description":"Field personCode must not be empty!"},{"errorCode":"ERROR_CODE_7","description":"Field personFirstName must not be empty!"},{"errorCode":"ERROR_CODE_8","description":"Field personLastName must not be empty!"}]}
2025-06-20 17:53:46,905 [Test worker] INFO  t.r.c.TravelRestRequestExecutionTimeLogger - Request processing time (ms): 6
2025-06-20 17:53:46,959 [Test worker] INFO  t.r.v.TravelCalculatePremiumRequestLogger - REQUEST: {"personFirstName":"Vasja","personLastName":"Pupkin","personCode":"123456-12345","personBirthDate":"2000-05-29","agreementDateFrom":"2050-05-29","agreementDateTo":"2060-05-29","country":"","medicalRiskLimitLevel":"LEVEL_10000","travelCost":null,"selectedRisks":["TRAVEL_MEDICAL"]}
2025-06-20 17:53:46,993 [Test worker] INFO  t.r.v.TravelCalculatePremiumResponseLogger - RESPONSE: {"errors":[{"errorCode":"ERROR_CODE_10","description":"Field country must not be empty!"}]}
2025-06-20 17:53:46,995 [Test worker] INFO  t.r.c.TravelRestRequestExecutionTimeLogger - Request processing time (ms): 64
2025-06-20 17:53:47,097 [Test worker] INFO  t.r.v.TravelCalculatePremiumRequestLogger - REQUEST: {"personFirstName":"Vasja","personLastName":"Pupkin","personCode":"123456-12345","personBirthDate":"2000-05-29","agreementDateFrom":"2050-05-29","agreementDateTo":"2060-05-29","country":null,"medicalRiskLimitLevel":"LEVEL_10000","travelCost":null,"selectedRisks":["TRAVEL_MEDICAL"]}
2025-06-20 17:53:47,106 [Test worker] INFO  t.r.v.TravelCalculatePremiumResponseLogger - RESPONSE: {"errors":[{"errorCode":"ERROR_CODE_10","description":"Field country must not be empty!"}]}
2025-06-20 17:53:47,106 [Test worker] INFO  t.r.c.TravelRestRequestExecutionTimeLogger - Request processing time (ms): 55
2025-06-20 17:53:47,130 [Test worker] INFO  o.s.t.c.s.AnnotationConfigContextLoaderUtils - Could not detect default configuration classes for test class [travel_insurance.restTest.v1.person.PersonLevelV1TestCases]: PersonLevelV1TestCases does not declare any static, non-private, non-final, nested classes annotated with @Configuration.
2025-06-20 17:53:47,166 [Test worker] INFO  o.s.b.t.c.SpringBootTestContextBootstrapper - Found @SpringBootConfiguration travel_insurance.InsuranceApplication for test class travel_insurance.restTest.v1.person.PersonLevelV1TestCases
2025-06-20 17:53:47,200 [Test worker] INFO  t.r.v.TravelCalculatePremiumRequestLogger - REQUEST: {"personFirstName":"","personLastName":"Pupkin","personCode":"123456-12345","personBirthDate":"2000-05-29","agreementDateFrom":"2030-05-25","agreementDateTo":"2032-05-29","country":"SPAIN","medicalRiskLimitLevel":"LEVEL_10000","travelCost":null,"selectedRisks":["TRAVEL_MEDICAL"]}
2025-06-20 17:53:47,214 [Test worker] INFO  t.r.v.TravelCalculatePremiumResponseLogger - RESPONSE: {"errors":[{"errorCode":"ERROR_CODE_7","description":"Field personFirstName must not be empty!"}]}
2025-06-20 17:53:47,214 [Test worker] INFO  t.r.c.TravelRestRequestExecutionTimeLogger - Request processing time (ms): 28
2025-06-20 17:53:47,237 [Test worker] INFO  t.r.v.TravelCalculatePremiumRequestLogger - REQUEST: {"personFirstName":"Vasja","personLastName":"","personCode":"123456-12345","personBirthDate":"2000-05-29","agreementDateFrom":"2031-05-25","agreementDateTo":"2035-05-29","country":"SPAIN","medicalRiskLimitLevel":"LEVEL_10000","travelCost":null,"selectedRisks":["TRAVEL_MEDICAL"]}
2025-06-20 17:53:47,247 [Test worker] INFO  t.r.v.TravelCalculatePremiumResponseLogger - RESPONSE: {"errors":[{"errorCode":"ERROR_CODE_8","description":"Field personLastName must not be empty!"}]}
2025-06-20 17:53:47,248 [Test worker] INFO  t.r.c.TravelRestRequestExecutionTimeLogger - Request processing time (ms): 15
2025-06-20 17:53:47,272 [Test worker] INFO  t.r.v.TravelCalculatePremiumRequestLogger - REQUEST: {"personFirstName":"Vasja","personLastName":"Pupkin","personCode":"123456-12345","personBirthDate":null,"agreementDateFrom":"2031-05-25","agreementDateTo":"2035-05-29","country":"SPAIN","medicalRiskLimitLevel":"LEVEL_10000","travelCost":null,"selectedRisks":["TRAVEL_MEDICAL"]}
2025-06-20 17:53:47,279 [Test worker] INFO  t.r.v.TravelCalculatePremiumResponseLogger - RESPONSE: {"errors":[{"errorCode":"ERROR_CODE_11","description":"Field personBirthDate must not be empty!"}]}
2025-06-20 17:53:47,279 [Test worker] INFO  t.r.c.TravelRestRequestExecutionTimeLogger - Request processing time (ms): 13
2025-06-20 17:53:47,373 [Test worker] INFO  t.r.v.TravelCalculatePremiumRequestLogger - REQUEST: {"personFirstName":"Vasja","personLastName":"Pupkin","personCode":"123456-12345","personBirthDate":"2030-05-29","agreementDateFrom":"2031-05-25","agreementDateTo":"2035-05-29","country":"SPAIN","medicalRiskLimitLevel":"LEVEL_10000","travelCost":null,"selectedRisks":["TRAVEL_MEDICAL"]}
2025-06-20 17:53:47,382 [Test worker] INFO  t.r.v.TravelCalculatePremiumResponseLogger - RESPONSE: {"errors":[{"errorCode":"ERROR_CODE_12","description":"Field personBirthDate must be in the past!"}]}
2025-06-20 17:53:47,383 [Test worker] INFO  t.r.c.TravelRestRequestExecutionTimeLogger - Request processing time (ms): 29
2025-06-20 17:53:47,505 [Test worker] INFO  t.r.v.TravelCalculatePremiumRequestLogger - REQUEST: {"personFirstName":"Vasja","personLastName":"Pupkin","personCode":null,"personBirthDate":"2000-05-29","agreementDateFrom":"2031-05-25","agreementDateTo":"2035-05-29","country":"SPAIN","medicalRiskLimitLevel":"LEVEL_10000","travelCost":null,"selectedRisks":["TRAVEL_EVACUATION"]}
2025-06-20 17:53:47,605 [Test worker] INFO  t.r.v.TravelCalculatePremiumResponseLogger - RESPONSE: {"errors":[{"errorCode":"ERROR_CODE_16","description":"Field personCode must not be empty!"}]}
2025-06-20 17:53:47,618 [Test worker] INFO  t.r.c.TravelRestRequestExecutionTimeLogger - Request processing time (ms): 191
2025-06-20 17:53:47,690 [Test worker] INFO  t.r.v.TravelCalculatePremiumRequestLogger - REQUEST: {"personFirstName":null,"personLastName":"Pupkin","personCode":"123456-12345","personBirthDate":"2000-05-29","agreementDateFrom":"2030-05-25","agreementDateTo":"2031-05-29","country":"SPAIN","medicalRiskLimitLevel":"LEVEL_10000","travelCost":null,"selectedRisks":["TRAVEL_MEDICAL"]}
2025-06-20 17:53:47,702 [Test worker] INFO  t.r.v.TravelCalculatePremiumResponseLogger - RESPONSE: {"errors":[{"errorCode":"ERROR_CODE_7","description":"Field personFirstName must not be empty!"}]}
2025-06-20 17:53:47,703 [Test worker] INFO  t.r.c.TravelRestRequestExecutionTimeLogger - Request processing time (ms): 54
2025-06-20 17:53:47,746 [Test worker] INFO  t.r.v.TravelCalculatePremiumRequestLogger - REQUEST: {"personFirstName":"Vasja","personLastName":null,"personCode":"123456-12345","personBirthDate":"2000-05-29","agreementDateFrom":"2031-05-25","agreementDateTo":"2035-05-29","country":"SPAIN","medicalRiskLimitLevel":"LEVEL_10000","travelCost":null,"selectedRisks":["TRAVEL_MEDICAL"]}
2025-06-20 17:53:47,759 [Test worker] INFO  t.r.v.TravelCalculatePremiumResponseLogger - RESPONSE: {"errors":[{"errorCode":"ERROR_CODE_8","description":"Field personLastName must not be empty!"}]}
2025-06-20 17:53:47,759 [Test worker] INFO  t.r.c.TravelRestRequestExecutionTimeLogger - Request processing time (ms): 18
2025-06-20 17:53:47,782 [Test worker] INFO  t.r.v.TravelCalculatePremiumRequestLogger - REQUEST: {"personFirstName":"Vasja","personLastName":"Pupkin","personCode":"","personBirthDate":"2000-05-29","agreementDateFrom":"2031-05-25","agreementDateTo":"2035-05-29","country":"SPAIN","medicalRiskLimitLevel":"LEVEL_10000","travelCost":null,"selectedRisks":["TRAVEL_EVACUATION"]}
2025-06-20 17:53:47,786 [Test worker] INFO  t.r.v.TravelCalculatePremiumResponseLogger - RESPONSE: {"errors":[{"errorCode":"ERROR_CODE_16","description":"Field personCode must not be empty!"}]}
2025-06-20 17:53:47,789 [Test worker] INFO  t.r.c.TravelRestRequestExecutionTimeLogger - Request processing time (ms): 11
2025-06-20 17:53:47,801 [Test worker] INFO  o.s.t.c.s.AnnotationConfigContextLoaderUtils - Could not detect default configuration classes for test class [travel_insurance.restTest.v1.risk_travel_cancellation.TravelCancellationRiskV1TestCases]: TravelCancellationRiskV1TestCases does not declare any static, non-private, non-final, nested classes annotated with @Configuration.
2025-06-20 17:53:47,831 [Test worker] INFO  o.s.b.t.c.SpringBootTestContextBootstrapper - Found @SpringBootConfiguration travel_insurance.InsuranceApplication for test class travel_insurance.restTest.v1.risk_travel_cancellation.TravelCancellationRiskV1TestCases
2025-06-20 17:53:47,852 [Test worker] INFO  t.r.v.TravelCalculatePremiumRequestLogger - REQUEST: {"personFirstName":"Vasja","personLastName":"Pupkin","personCode":"123456-12345","personBirthDate":"2000-05-29","agreementDateFrom":"2031-05-25","agreementDateTo":"2035-05-29","country":"SPAIN","medicalRiskLimitLevel":"LEVEL_10000","travelCost":null,"selectedRisks":["TRAVEL_CANCELLATION"]}
2025-06-20 17:53:47,862 [Test worker] INFO  t.r.v.TravelCalculatePremiumResponseLogger - RESPONSE: {"errors":[{"errorCode":"ERROR_CODE_19","description":"Field travelCost must not be empty!"}]}
2025-06-20 17:53:47,863 [Test worker] INFO  t.r.c.TravelRestRequestExecutionTimeLogger - Request processing time (ms): 14
2025-06-20 17:53:47,876 [Test worker] INFO  o.s.t.c.s.AnnotationConfigContextLoaderUtils - Could not detect default configuration classes for test class [travel_insurance.restTest.v1.risk_travel_medical.TravelMedicalRiskV1TestCases]: TravelMedicalRiskV1TestCases does not declare any static, non-private, non-final, nested classes annotated with @Configuration.
2025-06-20 17:53:47,906 [Test worker] INFO  o.s.b.t.c.SpringBootTestContextBootstrapper - Found @SpringBootConfiguration travel_insurance.InsuranceApplication for test class travel_insurance.restTest.v1.risk_travel_medical.TravelMedicalRiskV1TestCases
2025-06-20 17:53:47,919 [Test worker] INFO  t.r.v.TravelCalculatePremiumRequestLogger - REQUEST: {"personFirstName":"Vasja","personLastName":"Pupkin","personCode":"123456-12345","personBirthDate":"2000-05-29","agreementDateFrom":"2031-05-25","agreementDateTo":"2035-05-29","country":"SPAIN","medicalRiskLimitLevel":"LEVEL_10000","travelCost":null,"selectedRisks":["TRAVEL_MEDICAL"]}
2025-06-20 17:53:48,083 [Test worker] INFO  t.r.v.TravelCalculatePremiumResponseLogger - RESPONSE: {"uuid":"b108b934-cfa1-4d56-ad5e-cd1a9149d8f6","personFirstName":"Vasja","personLastName":"Pupkin","personCode":"123456-12345","personBirthDate":"2000-05-29","agreementDateFrom":"2031-05-25","agreementDateTo":"2035-05-29","country":"SPAIN","medicalRiskLimitLevel":"LEVEL_10000","agreementPremium":4028.75,"risks":[{"riskIc":"TRAVEL_MEDICAL","premium":4028.75}]}
2025-06-20 17:53:48,084 [Test worker] INFO  t.r.c.TravelRestRequestExecutionTimeLogger - Request processing time (ms): 166
2025-06-20 17:53:48,102 [Test worker] INFO  o.s.t.c.s.AnnotationConfigContextLoaderUtils - Could not detect default configuration classes for test class [travel_insurance.restTest.v1.risks.RiskLevelV1TestCases]: RiskLevelV1TestCases does not declare any static, non-private, non-final, nested classes annotated with @Configuration.
2025-06-20 17:53:48,129 [Test worker] INFO  o.s.b.t.c.SpringBootTestContextBootstrapper - Found @SpringBootConfiguration travel_insurance.InsuranceApplication for test class travel_insurance.restTest.v1.risks.RiskLevelV1TestCases
2025-06-20 17:53:48,152 [Test worker] INFO  t.r.v.TravelCalculatePremiumRequestLogger - REQUEST: {"personFirstName":"Vasja","personLastName":"Pupkin","personCode":"123456-12345","personBirthDate":"2000-05-29","agreementDateFrom":"2031-05-25","agreementDateTo":"2035-05-29","country":"SPAIN","medicalRiskLimitLevel":"LEVEL_10000","travelCost":null,"selectedRisks":[]}
2025-06-20 17:53:48,155 [Test worker] INFO  t.r.v.TravelCalculatePremiumResponseLogger - RESPONSE: {"errors":[{"errorCode":"ERROR_CODE_6","description":"Field selectedRisks must not be empty!"}]}
2025-06-20 17:53:48,156 [Test worker] INFO  t.r.c.TravelRestRequestExecutionTimeLogger - Request processing time (ms): 6
2025-06-20 17:53:48,170 [Test worker] INFO  t.r.v.TravelCalculatePremiumRequestLogger - REQUEST: {"personFirstName":"Vasja","personLastName":"Pupkin","personCode":"123456-12345","personBirthDate":"2000-05-29","agreementDateFrom":"2031-05-25","agreementDateTo":"2035-05-29","country":"SPAIN","medicalRiskLimitLevel":"LEVEL_10000","travelCost":null,"selectedRisks":["NOT_VALID_RISK_IC_1"]}
2025-06-20 17:53:48,177 [Test worker] INFO  t.r.v.TravelCalculatePremiumResponseLogger - RESPONSE: {"errors":[{"errorCode":"ERROR_CODE_9","description":"Risk Type ic = NOT_VALID_RISK_IC_1 not supported!"}]}
2025-06-20 17:53:48,177 [Test worker] INFO  t.r.c.TravelRestRequestExecutionTimeLogger - Request processing time (ms): 9
2025-06-20 17:53:48,189 [Test worker] INFO  t.r.v.TravelCalculatePremiumRequestLogger - REQUEST: {"personFirstName":"Vasja","personLastName":"Pupkin","personCode":"123456-12345","personBirthDate":"2000-05-29","agreementDateFrom":"2031-05-25","agreementDateTo":"2035-05-29","country":"SPAIN","medicalRiskLimitLevel":"LEVEL_10000","travelCost":null,"selectedRisks":["NOT_VALID_RISK_IC_1","NOT_VALID_RISK_IC_2"]}
2025-06-20 17:53:48,196 [Test worker] INFO  t.r.v.TravelCalculatePremiumResponseLogger - RESPONSE: {"errors":[{"errorCode":"ERROR_CODE_9","description":"Risk Type ic = NOT_VALID_RISK_IC_1 not supported!"},{"errorCode":"ERROR_CODE_9","description":"Risk Type ic = NOT_VALID_RISK_IC_2 not supported!"}]}
2025-06-20 17:53:48,197 [Test worker] INFO  t.r.c.TravelRestRequestExecutionTimeLogger - Request processing time (ms): 9
2025-06-20 17:53:48,222 [Test worker] INFO  t.r.v.TravelCalculatePremiumRequestLogger - REQUEST: {"personFirstName":"Vasja","personLastName":"Pupkin","personCode":"123456-12345","personBirthDate":"2000-05-29","agreementDateFrom":"2031-05-25","agreementDateTo":"2035-05-29","country":"SPAIN","medicalRiskLimitLevel":"LEVEL_10000","travelCost":null,"selectedRisks":null}
2025-06-20 17:53:48,225 [Test worker] INFO  t.r.v.TravelCalculatePremiumResponseLogger - RESPONSE: {"errors":[{"errorCode":"ERROR_CODE_6","description":"Field selectedRisks must not be empty!"}]}
2025-06-20 17:53:48,227 [Test worker] INFO  t.r.c.TravelRestRequestExecutionTimeLogger - Request processing time (ms): 7
2025-06-20 17:53:48,240 [Test worker] INFO  o.s.t.c.s.AnnotationConfigContextLoaderUtils - Could not detect default configuration classes for test class [travel_insurance.restTest.v2.agreement.AgreementLevelV2TestCases]: AgreementLevelV2TestCases does not declare any static, non-private, non-final, nested classes annotated with @Configuration.
2025-06-20 17:53:48,265 [Test worker] INFO  o.s.b.t.c.SpringBootTestContextBootstrapper - Found @SpringBootConfiguration travel_insurance.InsuranceApplication for test class travel_insurance.restTest.v2.agreement.AgreementLevelV2TestCases
2025-06-20 17:53:48,286 [Test worker] INFO  t.r.v.TravelCalculatePremiumRequestLoggerV2 - REQUEST: {"agreementDateFrom":"2010-05-29","agreementDateTo":"2050-05-29","country":"SPAIN","selectedRisks":["TRAVEL_MEDICAL"],"persons":[{"personFirstName":"Vasja","personLastName":"Pupkin","personCode":"123456-12345","personBirthDate":"2010-05-29","medicalRiskLimitLevel":"LEVEL_10000","travelCost":null},{"personFirstName":"Petja","personLastName":"Pupkin","personCode":"123456-12345","personBirthDate":"2010-03-01","medicalRiskLimitLevel":"LEVEL_10000","travelCost":null}]}
2025-06-20 17:53:48,291 [Test worker] INFO  t.r.v.TravelCalculatePremiumResponseLoggerV2 - RESPONSE: {"errors":[{"errorCode":"ERROR_CODE_1","description":"Field agreementDateFrom must be in the future!"}]}
2025-06-20 17:53:48,291 [Test worker] INFO  t.r.c.TravelRestRequestExecutionTimeLogger - Request processing time (ms): 9
2025-06-20 17:53:48,324 [Test worker] INFO  t.r.v.TravelCalculatePremiumRequestLoggerV2 - REQUEST: {"agreementDateFrom":null,"agreementDateTo":"2060-05-29","country":"SPAIN","selectedRisks":["TRAVEL_MEDICAL"],"persons":[{"personFirstName":"Vasja","personLastName":"Pupkin","personCode":"123456-12345","personBirthDate":"2010-05-29","medicalRiskLimitLevel":"LEVEL_10000","travelCost":null},{"personFirstName":"Petja","personLastName":"Pupkin","personCode":"123456-12345","personBirthDate":"2010-03-01","medicalRiskLimitLevel":"LEVEL_10000","travelCost":null}]}
2025-06-20 17:53:48,331 [Test worker] INFO  t.r.v.TravelCalculatePremiumResponseLoggerV2 - RESPONSE: {"errors":[{"errorCode":"ERROR_CODE_2","description":"Field agreementDateFrom must not be empty!"}]}
2025-06-20 17:53:48,332 [Test worker] INFO  t.r.c.TravelRestRequestExecutionTimeLogger - Request processing time (ms): 10
2025-06-20 17:53:48,349 [Test worker] INFO  t.r.v.TravelCalculatePremiumRequestLoggerV2 - REQUEST: {"agreementDateFrom":"2050-05-29","agreementDateTo":"2010-05-29","country":"SPAIN","selectedRisks":["TRAVEL_MEDICAL"],"persons":[{"personFirstName":"Vasja","personLastName":"Pupkin","personCode":"123456-12345","personBirthDate":"2010-05-29","medicalRiskLimitLevel":"LEVEL_10000","travelCost":null},{"personFirstName":"Petja","personLastName":"Pupkin","personCode":"123456-12345","personBirthDate":"2010-03-01","medicalRiskLimitLevel":"LEVEL_10000","travelCost":null}]}
2025-06-20 17:53:48,354 [Test worker] INFO  t.r.v.TravelCalculatePremiumResponseLoggerV2 - RESPONSE: {"errors":[{"errorCode":"ERROR_CODE_3","description":"Field agreementDateTo must be in the future!"},{"errorCode":"ERROR_CODE_5","description":"Field agreementDateFrom must be less than agreementDateTo!"}]}
2025-06-20 17:53:48,355 [Test worker] INFO  t.r.c.TravelRestRequestExecutionTimeLogger - Request processing time (ms): 8
2025-06-20 17:53:48,376 [Test worker] INFO  t.r.v.TravelCalculatePremiumRequestLoggerV2 - REQUEST: {"agreementDateFrom":"2060-05-29","agreementDateTo":null,"country":"SPAIN","selectedRisks":["TRAVEL_MEDICAL"],"persons":[{"personFirstName":"Vasja","personLastName":"Pupkin","personCode":"123456-12345","personBirthDate":"2010-05-29","medicalRiskLimitLevel":"LEVEL_10000","travelCost":null},{"personFirstName":"Petja","personLastName":"Pupkin","personCode":"123456-12345","personBirthDate":"2010-03-01","medicalRiskLimitLevel":"LEVEL_10000","travelCost":null}]}
2025-06-20 17:53:48,379 [Test worker] INFO  t.r.v.TravelCalculatePremiumResponseLoggerV2 - RESPONSE: {"errors":[{"errorCode":"ERROR_CODE_4","description":"Field agreementDateTo must not be empty!"}]}
2025-06-20 17:53:48,380 [Test worker] INFO  t.r.c.TravelRestRequestExecutionTimeLogger - Request processing time (ms): 8
2025-06-20 17:53:48,397 [Test worker] INFO  t.r.v.TravelCalculatePremiumRequestLoggerV2 - REQUEST: {"agreementDateFrom":"2050-05-29","agreementDateTo":"2030-05-29","country":"SPAIN","selectedRisks":["TRAVEL_MEDICAL"],"persons":[{"personFirstName":"Vasja","personLastName":"Pupkin","personCode":"123456-12345","personBirthDate":"2010-05-29","medicalRiskLimitLevel":"LEVEL_10000","travelCost":null},{"personFirstName":"Petja","personLastName":"Pupkin","personCode":"123456-12345","personBirthDate":"2010-03-01","medicalRiskLimitLevel":"LEVEL_10000","travelCost":null}]}
2025-06-20 17:53:48,399 [Test worker] INFO  t.r.v.TravelCalculatePremiumResponseLoggerV2 - RESPONSE: {"errors":[{"errorCode":"ERROR_CODE_5","description":"Field agreementDateFrom must be less than agreementDateTo!"}]}
2025-06-20 17:53:48,400 [Test worker] INFO  t.r.c.TravelRestRequestExecutionTimeLogger - Request processing time (ms): 5
2025-06-20 17:53:48,416 [Test worker] INFO  t.r.v.TravelCalculatePremiumRequestLoggerV2 - REQUEST: {"agreementDateFrom":"2050-05-29","agreementDateTo":"2060-05-29","country":"NOT_SUPPORTED","selectedRisks":["TRAVEL_MEDICAL"],"persons":[{"personFirstName":"Vasja","personLastName":"Pupkin","personCode":"123456-12345","personBirthDate":"2010-05-29","medicalRiskLimitLevel":"LEVEL_10000","travelCost":null},{"personFirstName":"Petja","personLastName":"Pupkin","personCode":"123456-12345","personBirthDate":"2010-03-01","medicalRiskLimitLevel":"LEVEL_10000","travelCost":null}]}
2025-06-20 17:53:48,422 [Test worker] INFO  t.r.v.TravelCalculatePremiumResponseLoggerV2 - RESPONSE: {"errors":[{"errorCode":"ERROR_CODE_15","description":"Country value = NOT_SUPPORTED not supported!"}]}
2025-06-20 17:53:48,423 [Test worker] INFO  t.r.c.TravelRestRequestExecutionTimeLogger - Request processing time (ms): 9
2025-06-20 17:53:48,439 [Test worker] INFO  t.r.v.TravelCalculatePremiumRequestLoggerV2 - REQUEST: {"agreementDateFrom":"2050-05-29","agreementDateTo":"2060-05-29","country":"","selectedRisks":["TRAVEL_MEDICAL"],"persons":[{"personFirstName":"Vasja","personLastName":"Pupkin","personCode":"123456-12345","personBirthDate":"2010-05-29","medicalRiskLimitLevel":"LEVEL_10000","travelCost":null},{"personFirstName":"Petja","personLastName":"Pupkin","personCode":"123456-12345","personBirthDate":"2010-03-01","medicalRiskLimitLevel":"LEVEL_10000","travelCost":null}]}
2025-06-20 17:53:48,441 [Test worker] INFO  t.r.v.TravelCalculatePremiumResponseLoggerV2 - RESPONSE: {"errors":[{"errorCode":"ERROR_CODE_10","description":"Field country must not be empty!"}]}
2025-06-20 17:53:48,442 [Test worker] INFO  t.r.c.TravelRestRequestExecutionTimeLogger - Request processing time (ms): 6
2025-06-20 17:53:48,457 [Test worker] INFO  t.r.v.TravelCalculatePremiumRequestLoggerV2 - REQUEST: {"agreementDateFrom":"2050-05-29","agreementDateTo":"2060-05-29","country":null,"selectedRisks":["TRAVEL_MEDICAL"],"persons":[{"personFirstName":"Vasja","personLastName":"Pupkin","personCode":"123456-12345","personBirthDate":"2010-05-29","medicalRiskLimitLevel":"LEVEL_10000","travelCost":null},{"personFirstName":"Petja","personLastName":"Pupkin","personCode":"123456-12345","personBirthDate":"2010-03-01","medicalRiskLimitLevel":"LEVEL_10000","travelCost":null}]}
2025-06-20 17:53:48,462 [Test worker] INFO  t.r.v.TravelCalculatePremiumResponseLoggerV2 - RESPONSE: {"errors":[{"errorCode":"ERROR_CODE_10","description":"Field country must not be empty!"}]}
2025-06-20 17:53:48,462 [Test worker] INFO  t.r.c.TravelRestRequestExecutionTimeLogger - Request processing time (ms): 9
2025-06-20 17:53:48,472 [Test worker] INFO  o.s.t.c.s.AnnotationConfigContextLoaderUtils - Could not detect default configuration classes for test class [travel_insurance.restTest.v2.person.PersonLevelV2TestCases]: PersonLevelV2TestCases does not declare any static, non-private, non-final, nested classes annotated with @Configuration.
2025-06-20 17:53:48,519 [Test worker] INFO  o.s.b.t.c.SpringBootTestContextBootstrapper - Found @SpringBootConfiguration travel_insurance.InsuranceApplication for test class travel_insurance.restTest.v2.person.PersonLevelV2TestCases
2025-06-20 17:53:48,546 [Test worker] INFO  t.r.v.TravelCalculatePremiumRequestLoggerV2 - REQUEST: {"agreementDateFrom":"2031-05-25","agreementDateTo":"2035-05-29","country":"SPAIN","selectedRisks":["TRAVEL_MEDICAL"],"persons":[{"personFirstName":"Vasja","personLastName":"Pupkin","personCode":"123456-12345","personBirthDate":null,"medicalRiskLimitLevel":"LEVEL_10000","travelCost":null},{"personFirstName":"Petja","personLastName":"Pupkin","personCode":"123456-12345","personBirthDate":null,"medicalRiskLimitLevel":"LEVEL_10000","travelCost":null}]}
2025-06-20 17:53:48,560 [Test worker] INFO  t.r.v.TravelCalculatePremiumResponseLoggerV2 - RESPONSE: {"errors":[{"errorCode":"ERROR_CODE_11","description":"Field personBirthDate must not be empty!"},{"errorCode":"ERROR_CODE_11","description":"Field personBirthDate must not be empty!"}]}
2025-06-20 17:53:48,561 [Test worker] INFO  t.r.c.TravelRestRequestExecutionTimeLogger - Request processing time (ms): 19
2025-06-20 17:53:48,649 [Test worker] INFO  t.r.v.TravelCalculatePremiumRequestLoggerV2 - REQUEST: {"agreementDateFrom":"2031-05-25","agreementDateTo":"2035-05-29","country":"SPAIN","selectedRisks":["TRAVEL_MEDICAL"],"persons":[{"personFirstName":null,"personLastName":"Pupkin","personCode":"123456-12345","personBirthDate":"2000-05-29","medicalRiskLimitLevel":"LEVEL_10000","travelCost":null},{"personFirstName":null,"personLastName":"Pupkin","personCode":"123456-12345","personBirthDate":"1950-03-01","medicalRiskLimitLevel":"LEVEL_10000","travelCost":null}]}
2025-06-20 17:53:48,655 [Test worker] INFO  t.r.v.TravelCalculatePremiumResponseLoggerV2 - RESPONSE: {"errors":[{"errorCode":"ERROR_CODE_7","description":"Field personFirstName must not be empty!"},{"errorCode":"ERROR_CODE_7","description":"Field personFirstName must not be empty!"}]}
2025-06-20 17:53:48,656 [Test worker] INFO  t.r.c.TravelRestRequestExecutionTimeLogger - Request processing time (ms): 18
2025-06-20 17:53:48,685 [Test worker] INFO  t.r.v.TravelCalculatePremiumRequestLoggerV2 - REQUEST: {"agreementDateFrom":"2031-05-25","agreementDateTo":"2035-05-29","country":"SPAIN","selectedRisks":["TRAVEL_MEDICAL"],"persons":[{"personFirstName":"","personLastName":"Pupkin","personCode":"123456-12345","personBirthDate":"2000-05-29","medicalRiskLimitLevel":"LEVEL_10000","travelCost":null},{"personFirstName":"Petja","personLastName":"Pupkin","personCode":"123456-12345","personBirthDate":"1950-03-01","medicalRiskLimitLevel":"LEVEL_10000","travelCost":null}]}
2025-06-20 17:53:48,707 [Test worker] INFO  t.r.v.TravelCalculatePremiumResponseLoggerV2 - RESPONSE: {"errors":[{"errorCode":"ERROR_CODE_7","description":"Field personFirstName must not be empty!"}]}
2025-06-20 17:53:48,708 [Test worker] INFO  t.r.c.TravelRestRequestExecutionTimeLogger - Request processing time (ms): 35
2025-06-20 17:53:48,743 [Test worker] INFO  t.r.v.TravelCalculatePremiumRequestLoggerV2 - REQUEST: {"agreementDateFrom":"2031-05-25","agreementDateTo":"2035-05-29","country":"SPAIN","selectedRisks":["TRAVEL_MEDICAL"],"persons":[{"personFirstName":"Vasja","personLastName":"","personCode":"123456-12345","personBirthDate":"2000-05-29","medicalRiskLimitLevel":"LEVEL_10000","travelCost":null},{"personFirstName":"Petja","personLastName":"Pupkin","personCode":"123456-12345","personBirthDate":"1950-03-01","medicalRiskLimitLevel":"LEVEL_10000","travelCost":null}]}
2025-06-20 17:53:48,749 [Test worker] INFO  t.r.v.TravelCalculatePremiumResponseLoggerV2 - RESPONSE: {"errors":[{"errorCode":"ERROR_CODE_8","description":"Field personLastName must not be empty!"}]}
2025-06-20 17:53:48,750 [Test worker] INFO  t.r.c.TravelRestRequestExecutionTimeLogger - Request processing time (ms): 13
2025-06-20 17:53:48,782 [Test worker] INFO  t.r.v.TravelCalculatePremiumRequestLoggerV2 - REQUEST: {"agreementDateFrom":"2031-05-25","agreementDateTo":"2035-05-29","country":"SPAIN","selectedRisks":["TRAVEL_MEDICAL"],"persons":[{"personFirstName":"Vasja","personLastName":null,"personCode":"123456-12345","personBirthDate":"2000-05-29","medicalRiskLimitLevel":"LEVEL_10000","travelCost":null},{"personFirstName":"Petja","personLastName":null,"personCode":"123456-12345","personBirthDate":"1950-03-01","medicalRiskLimitLevel":"LEVEL_10000","travelCost":null}]}
2025-06-20 17:53:48,786 [Test worker] INFO  t.r.v.TravelCalculatePremiumResponseLoggerV2 - RESPONSE: {"errors":[{"errorCode":"ERROR_CODE_8","description":"Field personLastName must not be empty!"},{"errorCode":"ERROR_CODE_8","description":"Field personLastName must not be empty!"}]}
2025-06-20 17:53:48,790 [Test worker] INFO  t.r.c.TravelRestRequestExecutionTimeLogger - Request processing time (ms): 12
2025-06-20 17:53:48,827 [Test worker] INFO  t.r.v.TravelCalculatePremiumRequestLoggerV2 - REQUEST: {"agreementDateFrom":"2031-05-25","agreementDateTo":"2035-05-29","country":"SPAIN","selectedRisks":["TRAVEL_MEDICAL"],"persons":[{"personFirstName":"Vasja","personLastName":"Pupkin","personCode":"123456-12345","personBirthDate":null,"medicalRiskLimitLevel":"LEVEL_10000","travelCost":null},{"personFirstName":"Petja","personLastName":"Pupkin","personCode":"123456-12345","personBirthDate":"1950-03-01","medicalRiskLimitLevel":"LEVEL_10000","travelCost":null}]}
2025-06-20 17:53:48,845 [Test worker] INFO  t.r.v.TravelCalculatePremiumResponseLoggerV2 - RESPONSE: {"errors":[{"errorCode":"ERROR_CODE_11","description":"Field personBirthDate must not be empty!"}]}
2025-06-20 17:53:48,846 [Test worker] INFO  t.r.c.TravelRestRequestExecutionTimeLogger - Request processing time (ms): 29
2025-06-20 17:53:48,905 [Test worker] INFO  t.r.v.TravelCalculatePremiumRequestLoggerV2 - REQUEST: {"agreementDateFrom":"2031-05-25","agreementDateTo":"2035-05-29","country":"SPAIN","selectedRisks":["TRAVEL_MEDICAL"],"persons":[{"personFirstName":"Vasja","personLastName":"Pupkin","personCode":"123456-12345","personBirthDate":"2100-05-29","medicalRiskLimitLevel":"LEVEL_10000","travelCost":null},{"personFirstName":"Petja","personLastName":"Pupkin","personCode":"123456-12345","personBirthDate":"1950-03-01","medicalRiskLimitLevel":"LEVEL_10000","travelCost":null}]}
2025-06-20 17:53:48,913 [Test worker] INFO  t.r.v.TravelCalculatePremiumResponseLoggerV2 - RESPONSE: {"errors":[{"errorCode":"ERROR_CODE_12","description":"Field personBirthDate must be in the past!"}]}
2025-06-20 17:53:48,913 [Test worker] INFO  t.r.c.TravelRestRequestExecutionTimeLogger - Request processing time (ms): 18
2025-06-20 17:53:48,935 [Test worker] INFO  t.r.v.TravelCalculatePremiumRequestLoggerV2 - REQUEST: {"agreementDateFrom":"2031-05-25","agreementDateTo":"2035-05-29","country":"SPAIN","selectedRisks":["TRAVEL_MEDICAL"],"persons":[{"personFirstName":"","personLastName":"Pupkin","personCode":"123456-12345","personBirthDate":"2000-05-29","medicalRiskLimitLevel":"LEVEL_10000","travelCost":null},{"personFirstName":"","personLastName":"Pupkin","personCode":"123456-12345","personBirthDate":"1950-03-01","medicalRiskLimitLevel":"LEVEL_10000","travelCost":null}]}
2025-06-20 17:53:48,961 [Test worker] INFO  t.r.v.TravelCalculatePremiumResponseLoggerV2 - RESPONSE: {"errors":[{"errorCode":"ERROR_CODE_7","description":"Field personFirstName must not be empty!"},{"errorCode":"ERROR_CODE_7","description":"Field personFirstName must not be empty!"}]}
2025-06-20 17:53:48,969 [Test worker] INFO  t.r.c.TravelRestRequestExecutionTimeLogger - Request processing time (ms): 37
2025-06-20 17:53:49,001 [Test worker] INFO  t.r.v.TravelCalculatePremiumRequestLoggerV2 - REQUEST: {"agreementDateFrom":"2031-05-25","agreementDateTo":"2035-05-29","country":"SPAIN","selectedRisks":["TRAVEL_MEDICAL"],"persons":[{"personFirstName":"Vasja","personLastName":"Pupkin","personCode":null,"personBirthDate":"2000-05-29","medicalRiskLimitLevel":"LEVEL_10000","travelCost":null},{"personFirstName":"Petja","personLastName":"Pupkin","personCode":"123456-12345","personBirthDate":"1950-03-01","medicalRiskLimitLevel":"LEVEL_10000","travelCost":null}]}
2025-06-20 17:53:49,010 [Test worker] INFO  t.r.v.TravelCalculatePremiumResponseLoggerV2 - RESPONSE: {"errors":[{"errorCode":"ERROR_CODE_16","description":"Field personCode must not be empty!"}]}
2025-06-20 17:53:49,010 [Test worker] INFO  t.r.c.TravelRestRequestExecutionTimeLogger - Request processing time (ms): 16
2025-06-20 17:53:49,034 [Test worker] INFO  t.r.v.TravelCalculatePremiumRequestLoggerV2 - REQUEST: {"agreementDateFrom":"2031-05-25","agreementDateTo":"2035-05-29","country":"SPAIN","selectedRisks":["TRAVEL_MEDICAL"],"persons":[{"personFirstName":"Vasja","personLastName":"Pupkin","personCode":"","personBirthDate":"2000-05-29","medicalRiskLimitLevel":"LEVEL_10000","travelCost":null},{"personFirstName":"Petja","personLastName":"Pupkin","personCode":"","personBirthDate":"1950-03-01","medicalRiskLimitLevel":"LEVEL_10000","travelCost":null}]}
2025-06-20 17:53:49,043 [Test worker] INFO  t.r.v.TravelCalculatePremiumResponseLoggerV2 - RESPONSE: {"errors":[{"errorCode":"ERROR_CODE_16","description":"Field personCode must not be empty!"},{"errorCode":"ERROR_CODE_16","description":"Field personCode must not be empty!"}]}
2025-06-20 17:53:49,044 [Test worker] INFO  t.r.c.TravelRestRequestExecutionTimeLogger - Request processing time (ms): 18
2025-06-20 17:53:49,077 [Test worker] INFO  t.r.v.TravelCalculatePremiumRequestLoggerV2 - REQUEST: {"agreementDateFrom":"2031-05-25","agreementDateTo":"2035-05-29","country":"SPAIN","selectedRisks":["TRAVEL_MEDICAL"],"persons":[{"personFirstName":"Vasja","personLastName":"Pupkin","personCode":null,"personBirthDate":"2000-05-29","medicalRiskLimitLevel":"LEVEL_10000","travelCost":null},{"personFirstName":"Petja","personLastName":"Pupkin","personCode":null,"personBirthDate":"1950-03-01","medicalRiskLimitLevel":"LEVEL_10000","travelCost":null}]}
2025-06-20 17:53:49,086 [Test worker] INFO  t.r.v.TravelCalculatePremiumResponseLoggerV2 - RESPONSE: {"errors":[{"errorCode":"ERROR_CODE_16","description":"Field personCode must not be empty!"},{"errorCode":"ERROR_CODE_16","description":"Field personCode must not be empty!"}]}
2025-06-20 17:53:49,086 [Test worker] INFO  t.r.c.TravelRestRequestExecutionTimeLogger - Request processing time (ms): 12
2025-06-20 17:53:49,151 [Test worker] INFO  t.r.v.TravelCalculatePremiumRequestLoggerV2 - REQUEST: {"agreementDateFrom":"2031-05-25","agreementDateTo":"2035-05-29","country":"SPAIN","selectedRisks":["TRAVEL_MEDICAL"],"persons":[{"personFirstName":null,"personLastName":"Pupkin","personCode":"123456-12345","personBirthDate":"2000-05-29","medicalRiskLimitLevel":"LEVEL_10000","travelCost":null},{"personFirstName":"Petja","personLastName":"Pupkin","personCode":"123456-12345","personBirthDate":"1950-03-01","medicalRiskLimitLevel":"LEVEL_10000","travelCost":null}]}
2025-06-20 17:53:49,167 [Test worker] INFO  t.r.v.TravelCalculatePremiumResponseLoggerV2 - RESPONSE: {"errors":[{"errorCode":"ERROR_CODE_7","description":"Field personFirstName must not be empty!"}]}
2025-06-20 17:53:49,167 [Test worker] INFO  t.r.c.TravelRestRequestExecutionTimeLogger - Request processing time (ms): 40
2025-06-20 17:53:49,192 [Test worker] INFO  t.r.v.TravelCalculatePremiumRequestLoggerV2 - REQUEST: {"agreementDateFrom":"2031-05-25","agreementDateTo":"2035-05-29","country":"SPAIN","selectedRisks":["TRAVEL_MEDICAL"],"persons":[{"personFirstName":"Vasja","personLastName":null,"personCode":"123456-12345","personBirthDate":"2000-05-29","medicalRiskLimitLevel":"LEVEL_10000","travelCost":null},{"personFirstName":"Petja","personLastName":"Pupkin","personCode":"123456-12345","personBirthDate":"1950-03-01","medicalRiskLimitLevel":"LEVEL_10000","travelCost":null}]}
2025-06-20 17:53:49,196 [Test worker] INFO  t.r.v.TravelCalculatePremiumResponseLoggerV2 - RESPONSE: {"errors":[{"errorCode":"ERROR_CODE_8","description":"Field personLastName must not be empty!"}]}
2025-06-20 17:53:49,196 [Test worker] INFO  t.r.c.TravelRestRequestExecutionTimeLogger - Request processing time (ms): 10
2025-06-20 17:53:49,216 [Test worker] INFO  t.r.v.TravelCalculatePremiumRequestLoggerV2 - REQUEST: {"agreementDateFrom":"2031-05-25","agreementDateTo":"2035-05-29","country":"SPAIN","selectedRisks":["TRAVEL_MEDICAL"],"persons":[{"personFirstName":"Vasja","personLastName":"Pupkin","personCode":"","personBirthDate":"2000-05-29","medicalRiskLimitLevel":"LEVEL_10000","travelCost":null},{"personFirstName":"Petja","personLastName":"Pupkin","personCode":"123456-12345","personBirthDate":"1950-03-01","medicalRiskLimitLevel":"LEVEL_10000","travelCost":null}]}
2025-06-20 17:53:49,233 [Test worker] INFO  t.r.v.TravelCalculatePremiumResponseLoggerV2 - RESPONSE: {"errors":[{"errorCode":"ERROR_CODE_16","description":"Field personCode must not be empty!"}]}
2025-06-20 17:53:49,233 [Test worker] INFO  t.r.c.TravelRestRequestExecutionTimeLogger - Request processing time (ms): 23
2025-06-20 17:53:49,246 [Test worker] INFO  t.r.v.TravelCalculatePremiumRequestLoggerV2 - REQUEST: {"agreementDateFrom":"2031-05-25","agreementDateTo":"2035-05-29","country":"SPAIN","selectedRisks":["TRAVEL_MEDICAL"],"persons":[{"personFirstName":"Vasja","personLastName":"Pupkin","personCode":"123456-12345","personBirthDate":"2100-05-29","medicalRiskLimitLevel":"LEVEL_10000","travelCost":null},{"personFirstName":"Petja","personLastName":"Pupkin","personCode":"123456-12345","personBirthDate":"2100-03-01","medicalRiskLimitLevel":"LEVEL_10000","travelCost":null}]}
2025-06-20 17:53:49,249 [Test worker] INFO  t.r.v.TravelCalculatePremiumResponseLoggerV2 - RESPONSE: {"errors":[{"errorCode":"ERROR_CODE_12","description":"Field personBirthDate must be in the past!"},{"errorCode":"ERROR_CODE_12","description":"Field personBirthDate must be in the past!"}]}
2025-06-20 17:53:49,249 [Test worker] INFO  t.r.c.TravelRestRequestExecutionTimeLogger - Request processing time (ms): 6
2025-06-20 17:53:49,276 [Test worker] INFO  t.r.v.TravelCalculatePremiumRequestLoggerV2 - REQUEST: {"agreementDateFrom":"2031-05-25","agreementDateTo":"2035-05-29","country":"SPAIN","selectedRisks":["TRAVEL_MEDICAL"],"persons":[{"personFirstName":"Vasja","personLastName":"","personCode":"123456-12345","personBirthDate":"2000-05-29","medicalRiskLimitLevel":"LEVEL_10000","travelCost":null},{"personFirstName":"Petja","personLastName":"","personCode":"123456-12345","personBirthDate":"1950-03-01","medicalRiskLimitLevel":"LEVEL_10000","travelCost":null}]}
2025-06-20 17:53:49,284 [Test worker] INFO  t.r.v.TravelCalculatePremiumResponseLoggerV2 - RESPONSE: {"errors":[{"errorCode":"ERROR_CODE_8","description":"Field personLastName must not be empty!"},{"errorCode":"ERROR_CODE_8","description":"Field personLastName must not be empty!"}]}
2025-06-20 17:53:49,300 [Test worker] INFO  t.r.c.TravelRestRequestExecutionTimeLogger - Request processing time (ms): 35
2025-06-20 17:53:49,319 [Test worker] INFO  o.s.t.c.s.AnnotationConfigContextLoaderUtils - Could not detect default configuration classes for test class [travel_insurance.restTest.v2.risk_travel_cancellation.TravelCancellationRiskV2TestCases]: TravelCancellationRiskV2TestCases does not declare any static, non-private, non-final, nested classes annotated with @Configuration.
2025-06-20 17:53:49,589 [Test worker] INFO  o.s.b.t.c.SpringBootTestContextBootstrapper - Found @SpringBootConfiguration travel_insurance.InsuranceApplication for test class travel_insurance.restTest.v2.risk_travel_cancellation.TravelCancellationRiskV2TestCases
2025-06-20 17:53:49,618 [Test worker] INFO  t.r.v.TravelCalculatePremiumRequestLoggerV2 - REQUEST: {"agreementDateFrom":"2031-05-25","agreementDateTo":"2035-05-29","country":"SPAIN","selectedRisks":["TRAVEL_CANCELLATION"],"persons":[{"personFirstName":"Vasja","personLastName":"Pupkin","personCode":"123456-12345","personBirthDate":"2000-05-29","medicalRiskLimitLevel":"LEVEL_10000","travelCost":null},{"personFirstName":"Petja","personLastName":"Pupkin","personCode":"123456-12345","personBirthDate":"1950-03-01","medicalRiskLimitLevel":"LEVEL_10000","travelCost":null}]}
2025-06-20 17:53:49,632 [Test worker] INFO  t.r.v.TravelCalculatePremiumResponseLoggerV2 - RESPONSE: {"errors":[{"errorCode":"ERROR_CODE_19","description":"Field travelCost must not be empty!"},{"errorCode":"ERROR_CODE_19","description":"Field travelCost must not be empty!"}]}
2025-06-20 17:53:49,635 [Test worker] INFO  t.r.c.TravelRestRequestExecutionTimeLogger - Request processing time (ms): 29
2025-06-20 17:53:49,654 [Test worker] INFO  o.s.t.c.s.AnnotationConfigContextLoaderUtils - Could not detect default configuration classes for test class [travel_insurance.restTest.v2.risk_travel_medical.TravelMedicalRiskV2TestCases]: TravelMedicalRiskV2TestCases does not declare any static, non-private, non-final, nested classes annotated with @Configuration.
2025-06-20 17:53:49,692 [Test worker] INFO  o.s.b.t.c.SpringBootTestContextBootstrapper - Found @SpringBootConfiguration travel_insurance.InsuranceApplication for test class travel_insurance.restTest.v2.risk_travel_medical.TravelMedicalRiskV2TestCases
2025-06-20 17:53:49,722 [Test worker] INFO  t.r.v.TravelCalculatePremiumRequestLoggerV2 - REQUEST: {"agreementDateFrom":"2050-05-29","agreementDateTo":"2060-05-29","country":"SPAIN","selectedRisks":["TRAVEL_MEDICAL"],"persons":[{"personFirstName":"Vasja","personLastName":"Pupkin","personCode":"123456-12345","personBirthDate":"2010-05-29","medicalRiskLimitLevel":"","travelCost":null}]}
2025-06-20 17:53:49,732 [Test worker] INFO  t.r.v.TravelCalculatePremiumResponseLoggerV2 - RESPONSE: {"errors":[{"errorCode":"ERROR_CODE_13","description":"Field medicalRiskLimitLevel must not be empty!"}]}
2025-06-20 17:53:49,794 [Test worker] INFO  t.r.c.TravelRestRequestExecutionTimeLogger - Request processing time (ms): 85
2025-06-20 17:53:49,820 [Test worker] INFO  t.r.v.TravelCalculatePremiumRequestLoggerV2 - REQUEST: {"agreementDateFrom":"2050-05-29","agreementDateTo":"2060-05-29","country":"SPAIN","selectedRisks":["TRAVEL_MEDICAL"],"persons":[{"personFirstName":"Vasja","personLastName":"Pupkin","personCode":"123456-12345","personBirthDate":"2010-05-29","medicalRiskLimitLevel":null,"travelCost":null},{"personFirstName":"Petja","personLastName":"Pupkin","personCode":"123456-12345","personBirthDate":"2010-05-29","medicalRiskLimitLevel":null,"travelCost":null}]}
2025-06-20 17:53:49,831 [Test worker] INFO  t.r.v.TravelCalculatePremiumResponseLoggerV2 - RESPONSE: {"errors":[{"errorCode":"ERROR_CODE_13","description":"Field medicalRiskLimitLevel must not be empty!"},{"errorCode":"ERROR_CODE_13","description":"Field medicalRiskLimitLevel must not be empty!"}]}
2025-06-20 17:53:49,831 [Test worker] INFO  t.r.c.TravelRestRequestExecutionTimeLogger - Request processing time (ms): 15
2025-06-20 17:53:49,959 [Test worker] INFO  t.r.v.TravelCalculatePremiumRequestLoggerV2 - REQUEST: {"agreementDateFrom":"2050-05-29","agreementDateTo":"2060-05-29","country":"SPAIN","selectedRisks":["TRAVEL_MEDICAL"],"persons":[{"personFirstName":"Vasja","personLastName":"Pupkin","personCode":"123456-12345","personBirthDate":"2010-05-29","medicalRiskLimitLevel":"NOT_SUPPORTED","travelCost":null}]}
2025-06-20 17:53:49,969 [Test worker] INFO  t.r.v.TravelCalculatePremiumResponseLoggerV2 - RESPONSE: {"errors":[{"errorCode":"ERROR_CODE_14","description":"MedicalRiskLimitLevel value = NOT_SUPPORTED not supported!"}]}
2025-06-20 17:53:49,969 [Test worker] INFO  t.r.c.TravelRestRequestExecutionTimeLogger - Request processing time (ms): 13
2025-06-20 17:53:50,015 [Test worker] INFO  t.r.v.TravelCalculatePremiumRequestLoggerV2 - REQUEST: {"agreementDateFrom":"2050-05-29","agreementDateTo":"2060-05-29","country":"SPAIN","selectedRisks":["TRAVEL_MEDICAL"],"persons":[{"personFirstName":"Vasja","personLastName":"Pupkin","personCode":"123456-12345","personBirthDate":"2010-05-29","medicalRiskLimitLevel":"","travelCost":null},{"personFirstName":"Petja","personLastName":"Pupkin","personCode":"123456-12345","personBirthDate":"2010-05-29","medicalRiskLimitLevel":"","travelCost":null}]}
2025-06-20 17:53:50,024 [Test worker] INFO  t.r.v.TravelCalculatePremiumResponseLoggerV2 - RESPONSE: {"errors":[{"errorCode":"ERROR_CODE_13","description":"Field medicalRiskLimitLevel must not be empty!"},{"errorCode":"ERROR_CODE_13","description":"Field medicalRiskLimitLevel must not be empty!"}]}
2025-06-20 17:53:50,024 [Test worker] INFO  t.r.c.TravelRestRequestExecutionTimeLogger - Request processing time (ms): 41
2025-06-20 17:53:50,050 [Test worker] INFO  t.r.v.TravelCalculatePremiumRequestLoggerV2 - REQUEST: {"agreementDateFrom":"2050-05-29","agreementDateTo":"2060-05-29","country":"SPAIN","selectedRisks":["TRAVEL_MEDICAL"],"persons":[{"personFirstName":"Vasja","personLastName":"Pupkin","personCode":"123456-12345","personBirthDate":"2010-05-29","medicalRiskLimitLevel":null,"travelCost":null}]}
2025-06-20 17:53:50,069 [Test worker] INFO  t.r.v.TravelCalculatePremiumResponseLoggerV2 - RESPONSE: {"errors":[{"errorCode":"ERROR_CODE_13","description":"Field medicalRiskLimitLevel must not be empty!"}]}
2025-06-20 17:53:50,069 [Test worker] INFO  t.r.c.TravelRestRequestExecutionTimeLogger - Request processing time (ms): 22
2025-06-20 17:53:50,092 [Test worker] INFO  t.r.v.TravelCalculatePremiumRequestLoggerV2 - REQUEST: {"agreementDateFrom":"2050-05-29","agreementDateTo":"2060-05-29","country":"SPAIN","selectedRisks":["TRAVEL_MEDICAL"],"persons":[{"personFirstName":"Vasja","personLastName":"Pupkin","personCode":"123456-12345","personBirthDate":"2010-05-29","medicalRiskLimitLevel":"NOT_SUPPORTED_1","travelCost":null},{"personFirstName":"Vasja","personLastName":"Pupkin","personCode":"123456-12345","personBirthDate":"2010-05-29","medicalRiskLimitLevel":"NOT_SUPPORTED_2","travelCost":null}]}
2025-06-20 17:53:50,112 [Test worker] INFO  t.r.v.TravelCalculatePremiumResponseLoggerV2 - RESPONSE: {"errors":[{"errorCode":"ERROR_CODE_14","description":"MedicalRiskLimitLevel value = NOT_SUPPORTED_1 not supported!"},{"errorCode":"ERROR_CODE_14","description":"MedicalRiskLimitLevel value = NOT_SUPPORTED_2 not supported!"}]}
2025-06-20 17:53:50,112 [Test worker] INFO  t.r.c.TravelRestRequestExecutionTimeLogger - Request processing time (ms): 22
2025-06-20 17:53:50,132 [Test worker] INFO  o.s.t.c.s.AnnotationConfigContextLoaderUtils - Could not detect default configuration classes for test class [travel_insurance.restTest.v2.risks.RiskLevelV2TestCases]: RiskLevelV2TestCases does not declare any static, non-private, non-final, nested classes annotated with @Configuration.
2025-06-20 17:53:50,161 [Test worker] INFO  o.s.b.t.c.SpringBootTestContextBootstrapper - Found @SpringBootConfiguration travel_insurance.InsuranceApplication for test class travel_insurance.restTest.v2.risks.RiskLevelV2TestCases
2025-06-20 17:53:50,170 [Test worker] INFO  t.r.v.TravelCalculatePremiumRequestLoggerV2 - REQUEST: {"agreementDateFrom":"2050-05-29","agreementDateTo":"2060-05-29","country":"SPAIN","selectedRisks":[],"persons":[{"personFirstName":"Vasja","personLastName":"Pupkin","personCode":"123456-12345","personBirthDate":"2010-05-29","medicalRiskLimitLevel":"LEVEL_10000","travelCost":null},{"personFirstName":"Petja","personLastName":"Pupkin","personCode":"123456-12345","personBirthDate":"2010-03-01","medicalRiskLimitLevel":"LEVEL_10000","travelCost":null}]}
2025-06-20 17:53:50,173 [Test worker] INFO  t.r.v.TravelCalculatePremiumResponseLoggerV2 - RESPONSE: {"errors":[{"errorCode":"ERROR_CODE_6","description":"Field selectedRisks must not be empty!"}]}
2025-06-20 17:53:50,173 [Test worker] INFO  t.r.c.TravelRestRequestExecutionTimeLogger - Request processing time (ms): 4
2025-06-20 17:53:50,184 [Test worker] INFO  t.r.v.TravelCalculatePremiumRequestLoggerV2 - REQUEST: {"agreementDateFrom":"2050-05-29","agreementDateTo":"2060-05-29","country":"SPAIN","selectedRisks":["NOT_SUPPORTED"],"persons":[{"personFirstName":"Vasja","personLastName":"Pupkin","personCode":"123456-12345","personBirthDate":"2010-05-29","medicalRiskLimitLevel":"LEVEL_10000","travelCost":null},{"personFirstName":"Petja","personLastName":"Pupkin","personCode":"123456-12345","personBirthDate":"2010-03-01","medicalRiskLimitLevel":"LEVEL_10000","travelCost":null}]}
2025-06-20 17:53:50,189 [Test worker] INFO  t.r.v.TravelCalculatePremiumResponseLoggerV2 - RESPONSE: {"errors":[{"errorCode":"ERROR_CODE_9","description":"Risk Type ic = NOT_SUPPORTED not supported!"}]}
2025-06-20 17:53:50,190 [Test worker] INFO  t.r.c.TravelRestRequestExecutionTimeLogger - Request processing time (ms): 7
2025-06-20 17:53:50,211 [Test worker] INFO  t.r.v.TravelCalculatePremiumRequestLoggerV2 - REQUEST: {"agreementDateFrom":"2050-05-29","agreementDateTo":"2060-05-29","country":"SPAIN","selectedRisks":["NOT_SUPPORTED_1","NOT_SUPPORTED_2"],"persons":[{"personFirstName":"Vasja","personLastName":"Pupkin","personCode":"123456-12345","personBirthDate":"2010-05-29","medicalRiskLimitLevel":"LEVEL_10000","travelCost":null},{"personFirstName":"Petja","personLastName":"Pupkin","personCode":"123456-12345","personBirthDate":"2010-03-01","medicalRiskLimitLevel":"LEVEL_10000","travelCost":null}]}
2025-06-20 17:53:50,218 [Test worker] INFO  t.r.v.TravelCalculatePremiumResponseLoggerV2 - RESPONSE: {"errors":[{"errorCode":"ERROR_CODE_9","description":"Risk Type ic = NOT_SUPPORTED_1 not supported!"},{"errorCode":"ERROR_CODE_9","description":"Risk Type ic = NOT_SUPPORTED_2 not supported!"}]}
2025-06-20 17:53:50,219 [Test worker] INFO  t.r.c.TravelRestRequestExecutionTimeLogger - Request processing time (ms): 15
2025-06-20 17:53:50,257 [Test worker] INFO  t.r.v.TravelCalculatePremiumRequestLoggerV2 - REQUEST: {"agreementDateFrom":"2030-05-25","agreementDateTo":"2031-05-29","country":"SPAIN","selectedRisks":["TRAVEL_MEDICAL","TRAVEL_CANCELLATION"],"persons":[{"personFirstName":"Vasja","personLastName":"Pupkin","personCode":"123456-12345","personBirthDate":"2000-05-29","medicalRiskLimitLevel":"LEVEL_10000","travelCost":100.00},{"personFirstName":"Petja","personLastName":"Pupkin","personCode":"123456-12345","personBirthDate":"1950-03-01","medicalRiskLimitLevel":"LEVEL_10000","travelCost":100.00}]}
2025-06-20 17:53:50,378 [Test worker] INFO  t.r.v.TravelCalculatePremiumResponseLoggerV2 - RESPONSE: {"uuid":"3b3c9c48-8a8a-4532-a4dd-1c046ac4d0af","agreementDateFrom":"2030-05-25","agreementDateTo":"2031-05-29","country":"SPAIN","agreementPremium":2504.50,"persons":[{"personFirstName":"Vasja","personLastName":"Pupkin","personCode":"123456-12345","personBirthDate":"2000-05-29","medicalRiskLimitLevel":"LEVEL_10000","travelCost":100.00,"personPremium":1052.75,"personRisks":[{"riskIc":"TRAVEL_MEDICAL","premium":1014.75},{"riskIc":"TRAVEL_CANCELLATION","premium":38.00}]},{"personFirstName":"Petja","personLastName":"Pupkin","personCode":"123456-12345","personBirthDate":"1950-03-01","medicalRiskLimitLevel":"LEVEL_10000","travelCost":100.00,"personPremium":1451.75,"personRisks":[{"riskIc":"TRAVEL_MEDICAL","premium":1383.75},{"riskIc":"TRAVEL_CANCELLATION","premium":68.00}]}]}
2025-06-20 17:53:50,378 [Test worker] INFO  t.r.c.TravelRestRequestExecutionTimeLogger - Request processing time (ms): 134
2025-06-20 17:53:50,404 [Test worker] INFO  t.r.v.TravelCalculatePremiumRequestLoggerV2 - REQUEST: {"agreementDateFrom":"2050-05-29","agreementDateTo":"2060-05-29","country":"SPAIN","selectedRisks":null,"persons":[{"personFirstName":"Vasja","personLastName":"Pupkin","personCode":"123456-12345","personBirthDate":"2010-05-29","medicalRiskLimitLevel":"LEVEL_10000","travelCost":null},{"personFirstName":"Petja","personLastName":"Pupkin","personCode":"123456-12345","personBirthDate":"2010-03-01","medicalRiskLimitLevel":"LEVEL_10000","travelCost":null}]}
2025-06-20 17:53:50,407 [Test worker] INFO  t.r.v.TravelCalculatePremiumResponseLoggerV2 - RESPONSE: {"errors":[{"errorCode":"ERROR_CODE_6","description":"Field selectedRisks must not be empty!"}]}
2025-06-20 17:53:50,407 [Test worker] INFO  t.r.c.TravelRestRequestExecutionTimeLogger - Request processing time (ms): 4
2025-06-20 17:53:50,493 [SpringApplicationShutdownHook] INFO  o.s.o.j.LocalContainerEntityManagerFactoryBean - Closing JPA EntityManagerFactory for persistence unit 'default'
2025-06-20 17:53:50,520 [SpringApplicationShutdownHook] INFO  o.s.o.j.LocalContainerEntityManagerFactoryBean - Closing JPA EntityManagerFactory for persistence unit 'default'
2025-06-20 17:53:50,523 [SpringApplicationShutdownHook] INFO  com.zaxxer.hikari.HikariDataSource - HikariPool-1 - Shutdown initiated...
2025-06-20 17:53:50,539 [SpringApplicationShutdownHook] INFO  com.zaxxer.hikari.HikariDataSource - HikariPool-1 - Shutdown completed.
